Start testing: Oct 23 18:20 Фінляндія (літо)
----------------------------------------------------------
1/1 Testing: HelloProject_add_tests
1/1 Test: HelloProject_add_tests
Command: "C:/Users/Admin/Desktop/csad2526KI404BoikoTarasOleksandrovych4/build/Debug/HelloProject_tests.exe"
Directory: C:/Users/Admin/Desktop/csad2526KI404BoikoTarasOleksandrovych4/build
"HelloProject_add_tests" start time: Oct 23 18:20 Фінляндія (літо)
Output:
----------------------------------------------------------
Running main() from C:\Users\Admin\Desktop\csad2526KI404BoikoTarasOleksandrovych4\build\_deps\googletest-src\googletest\src\gtest_main.cc
[==========] Running 4 tests from 1 test suite.
[----------] Global test environment set-up.
[----------] 4 tests from AdditionTests
[ RUN      ] AdditionTests.PositiveNumbers
[       OK ] AdditionTests.PositiveNumbers (0 ms)
[ RUN      ] AdditionTests.NegativeNumbers
[       OK ] AdditionTests.NegativeNumbers (0 ms)
[ RUN      ] AdditionTests.Zero
[       OK ] AdditionTests.Zero (0 ms)
[ RUN      ] AdditionTests.LargeValues
[       OK ] AdditionTests.LargeValues (0 ms)
[----------] 4 tests from AdditionTests (0 ms total)

[----------] Global test environment tear-down
[==========] 4 tests from 1 test suite ran. (0 ms total)
[  PASSED  ] 4 tests.
<end of output>
Test time =   0.80 sec
----------------------------------------------------------
Test Passed.
"HelloProject_add_tests" end time: Oct 23 18:20 Фінляндія (літо)
"HelloProject_add_tests" time elapsed: 00:00:00
----------------------------------------------------------

End testing: Oct 23 18:20 Фінляндія (літо)
